<?xml version="1.0" encoding="UTF-8"?>
<!-- Generated by org.testng.reporters.JUnitReportReporter -->
<testsuite skipped="0" hostname="Shruti" name="TestNG.NewTest5" tests="3" failures="0" timestamp="30 Mar 2017 02:13:54 GMT" time="0.027" errors="0">
  <testcase name="testcase4" time="0.005" classname="TestNG.NewTest5"/>
  <testcase name="testcase5" time="0.011" classname="TestNG.NewTest5"/>
  <testcase name="testcase6" time="0.011" classname="TestNG.NewTest5"/>
</testsuite> <!-- TestNG.NewTest5 -->
