<?xml version="1.0" encoding="UTF-8"?>
<!-- Generated by org.testng.reporters.JUnitReportReporter -->
<testsuite skipped="0" hostname="Shruti" name="com.Facebook.Class2" tests="2" failures="0" timestamp="29 Apr 2017 05:23:52 GMT" time="0.016" errors="0">
  <testcase name="testcase4" time="0.016" classname="com.Facebook.Class2"/>
  <testcase name="testcase3" time="0.000" classname="com.Facebook.Class2"/>
</testsuite> <!-- com.Facebook.Class2 -->
