<?xml version="1.0" encoding="UTF-8"?>
<!-- Generated by org.testng.reporters.JUnitReportReporter -->
<testsuite skipped="0" hostname="Shruti" name="com.testNGdemo.test2" tests="1" failures="0" timestamp="21 Mar 2017 18:52:04 GMT" time="0.015" errors="0">
  <testcase name="createAccount" time="0.015" classname="com.testNGdemo.test2"/>
</testsuite> <!-- com.testNGdemo.test2 -->
