<?xml version="1.0" encoding="UTF-8"?>
<!-- Generated by org.testng.reporters.JUnitReportReporter -->
<testsuite skipped="0" hostname="Shruti" name="com.Facebook.login.Createaccount" tests="3" failures="0" timestamp="28 Apr 2017 23:52:07 GMT" time="0.011" errors="0">
  <testcase name="deleteVendor" time="0.004" classname="com.Facebook.login.Createaccount"/>
  <testcase name="deleteProduct" time="0.003" classname="com.Facebook.login.Createaccount"/>
  <testcase name="deleteCurrancy" time="0.004" classname="com.Facebook.login.Createaccount"/>
</testsuite> <!-- com.Facebook.login.Createaccount -->
