<?xml version="1.0" encoding="UTF-8"?>
<!-- Generated by org.testng.reporters.JUnitReportReporter -->
<testsuite skipped="0" hostname="Shruti" name="TestNG.NewTest2" tests="3" failures="0" timestamp="30 Mar 2017 01:21:04 GMT" time="0.031" errors="0">
  <testcase name="deleteVendor" time="0.013" classname="TestNG.NewTest2"/>
  <testcase name="deleteProduct" time="0.006" classname="TestNG.NewTest2"/>
  <testcase name="deleteCurrency" time="0.012" classname="TestNG.NewTest2"/>
</testsuite> <!-- TestNG.NewTest2 -->
