<?xml version="1.0" encoding="UTF-8"?>
<!-- Generated by org.testng.reporters.JUnitReportReporter -->
<testsuite skipped="0" hostname="Shruti" name="TestNG.NewTest4" tests="3" failures="0" timestamp="01 Apr 2017 04:12:14 GMT" time="0.054" errors="0">
  <testcase name="testcase1" time="0.035" classname="TestNG.NewTest4"/>
  <testcase name="testcase2" time="0.012" classname="TestNG.NewTest4"/>
  <testcase name="testcase3" time="0.007" classname="TestNG.NewTest4"/>
</testsuite> <!-- TestNG.NewTest4 -->
