<?xml version="1.0" encoding="UTF-8"?>
<!-- Generated by org.testng.reporters.JUnitReportReporter -->
<testsuite skipped="0" hostname="Shruti" name="com.Facebook.ParallelDemo" tests="1" failures="0" timestamp="08 Jul 2017 23:59:55 GMT" time="13.401" errors="0">
  <testcase name="loginFacebook" time="13.401" classname="com.Facebook.ParallelDemo"/>
</testsuite> <!-- com.Facebook.ParallelDemo -->
