<?xml version="1.0" encoding="UTF-8"?>
<!-- Generated by org.testng.reporters.JUnitReportReporter -->
<testsuite skipped="0" hostname="Shruti" name="com.testNGdemo.test3" tests="3" failures="0" timestamp="21 Mar 2017 20:49:17 GMT" time="0.022" errors="0">
  <testcase name="login" time="0.022" classname="com.testNGdemo.test3"/>
  <testcase name="login" time="0.000" classname="com.testNGdemo.test3"/>
  <testcase name="login" time="0.000" classname="com.testNGdemo.test3"/>
</testsuite> <!-- com.testNGdemo.test3 -->
