<?xml version="1.0" encoding="UTF-8"?>
<!-- Generated by org.testng.reporters.JUnitReportReporter -->
<testsuite skipped="0" hostname="Shruti" name="TestNG.NewTest1" tests="3" failures="0" timestamp="30 Mar 2017 01:21:04 GMT" time="0.045" errors="0">
  <testcase name="addVendor" time="0.020" classname="TestNG.NewTest1"/>
  <testcase name="addProduct" time="0.016" classname="TestNG.NewTest1"/>
  <testcase name="addCurrency" time="0.009" classname="TestNG.NewTest1"/>
</testsuite> <!-- TestNG.NewTest1 -->
