<?xml version="1.0" encoding="UTF-8"?>
<!-- Generated by org.testng.reporters.JUnitReportReporter -->
<testsuite skipped="0" hostname="Shruti" name="com.testNGdemo.practicetest" tests="5" failures="0" timestamp="29 Apr 2017 00:28:39 GMT" time="0.064" errors="0">
  <testcase name="login" time="0.039" classname="com.testNGdemo.practicetest"/>
  <testcase name="advancedsearch" time="0.005" classname="com.testNGdemo.practicetest"/>
  <testcase name="billpayment" time="0.007" classname="com.testNGdemo.practicetest"/>
  <testcase name="prepaidRecharge" time="0.007" classname="com.testNGdemo.practicetest"/>
  <testcase name="logout" time="0.006" classname="com.testNGdemo.practicetest"/>
</testsuite> <!-- com.testNGdemo.practicetest -->
