<?xml version="1.0" encoding="UTF-8"?>
<!-- Generated by org.testng.reporters.JUnitReportReporter -->
<testsuite skipped="0" hostname="Shruti" name="com.Facebook.Class1" tests="2" failures="0" timestamp="29 Apr 2017 05:23:52 GMT" time="0.058" errors="0">
  <testcase name="testcase1" time="0.029" classname="com.Facebook.Class1"/>
  <testcase name="testcase2" time="0.029" classname="com.Facebook.Class1"/>
</testsuite> <!-- com.Facebook.Class1 -->
