<?xml version="1.0" encoding="UTF-8"?>
<!-- Generated by org.testng.reporters.JUnitReportReporter -->
<testsuite skipped="0" hostname="Shruti" name="TestNG.NewTest3" tests="5" failures="0" timestamp="30 Mar 2017 01:47:35 GMT" time="0.051" errors="0">
  <testcase name="login" time="0.028" classname="TestNG.NewTest3"/>
  <testcase name="advancedsearch" time="0.007" classname="TestNG.NewTest3"/>
  <testcase name="Prepadirecharge" time="0.005" classname="TestNG.NewTest3"/>
  <testcase name="Billpayments" time="0.006" classname="TestNG.NewTest3"/>
  <testcase name="logout" time="0.005" classname="TestNG.NewTest3"/>
</testsuite> <!-- TestNG.NewTest3 -->
