<?xml version="1.0" encoding="UTF-8"?>
<!-- Generated by org.testng.reporters.JUnitReportReporter -->
<testsuite skipped="0" hostname="Shruti" name="com.Facebook.Classnew" tests="1" failures="0" timestamp="07 Jul 2017 06:15:24 GMT" time="32.765" errors="0">
  <testcase name="homepage" time="32.765" classname="com.Facebook.Classnew"/>
</testsuite> <!-- com.Facebook.Classnew -->
