<?xml version="1.0" encoding="UTF-8"?>
<!-- Generated by org.testng.reporters.JUnitReportReporter -->
<testsuite skipped="0" hostname="Shruti" name="com.Facebook.Paralleldemonew" tests="1" failures="0" timestamp="08 Jul 2017 23:59:55 GMT" time="12.629" errors="0">
  <testcase name="loginGoogle" time="12.629" classname="com.Facebook.Paralleldemonew"/>
</testsuite> <!-- com.Facebook.Paralleldemonew -->
