<?xml version="1.0" encoding="UTF-8"?>
<!-- Generated by org.testng.reporters.JUnitReportReporter -->
<testsuite skipped="0" hostname="Shruti" name="com.Democlass.OrangeHRMDemo" tests="1" failures="0" timestamp="21 Jun 2017 03:21:57 GMT" time="16.994" errors="0">
  <testcase name="recruitment" time="16.994" classname="com.Democlass.OrangeHRMDemo"/>
</testsuite> <!-- com.Democlass.OrangeHRMDemo -->
